<?xml version="1.0" encoding="UTF-8"?>
<!-- Generated by org.testng.reporters.JUnitXMLReporter -->
<testsuite ignored="0" hostname="Mohan" failures="0" tests="1" name="sanity" time="0.26" errors="0" timestamp="2024-08-19T17:13:30 IST">
  <testcase classname="com.venkat.testcases.BaseClass" name="@BeforeTest setup" time="0.041">
    <failure type="java.lang.NullPointerException" message="Cannot invoke &amp;quot;org.openqa.selenium.WebDriver.manage()&amp;quot; because &amp;quot;this.driver&amp;quot; is null">
      <![CDATA[java.lang.NullPointerException: Cannot invoke "org.openqa.selenium.WebDriver.manage()" because "this.driver" is null
at com.venkat.testcases.BaseClass.setup(BaseClass.java:55)
... Removed 24 stack frames]]>
    </failure>
  </testcase> <!-- @BeforeTest setup -->
  <testcase classname="com.venkat.testcases.BaseClass" name="@AfterTest teardown" time="0.0">
    <skipped/>
  </testcase> <!-- @AfterTest teardown -->
  <testcase classname="com.venkat.testcases.TC_OrdingAProduct_01" name="orderAProduct" time="0.0">
    <skipped/>
  </testcase> <!-- orderAProduct -->
</testsuite> <!-- sanity -->
