<?xml version="1.0" encoding="UTF-8"?>
<!-- Generated by org.testng.reporters.JUnitXMLReporter -->
<testsuite ignored="0" hostname="Mohan" failures="1" tests="1" name="smoke" time="4.689" errors="0" timestamp="2024-08-19T16:38:19 IST">
  <testcase classname="com.venkat.testcases.TC_OrdingAProduct_01" name="orderAProduct" time="0.003">
    <failure type="java.lang.NullPointerException" message="Cannot invoke &amp;quot;String.toString()&amp;quot; because the return value of &amp;quot;org.testng.ITestResult.getTestName()&amp;quot; is null">
      <![CDATA[java.lang.NullPointerException: Cannot invoke "String.toString()" because the return value of "org.testng.ITestResult.getTestName()" is null
at com.venkat.utilities.ReportingListener.onTestStart(ReportingListener.java:15)
at java.base/java.util.ArrayList.forEach(ArrayList.java:1511)
at java.base/java.util.concurrent.FutureTask.run(FutureTask.java:264)
at java.base/java.util.concurrent.ThreadPoolExecutor.runWorker(ThreadPoolExecutor.java:1136)
at java.base/java.util.concurrent.ThreadPoolExecutor$Worker.run(ThreadPoolExecutor.java:635)
at java.base/java.lang.Thread.run(Thread.java:840)
... Removed 14 stack frames]]>
    </failure>
  </testcase> <!-- orderAProduct -->
</testsuite> <!-- smoke -->
