<?xml version="1.0" encoding="UTF-8"?>
<testng-results ignored="0" total="4" passed="4" failed="0" skipped="0">
  <reporter-output>
  </reporter-output>
  <suite started-at="2024-08-19T17:17:22 IST" name="Suite" finished-at="2024-08-19T17:17:41 IST" duration-ms="19473">
    <groups>
    </groups>
    <test started-at="2024-08-19T17:17:22 IST" name="sanity" finished-at="2024-08-19T17:17:27 IST" duration-ms="5000">
      <class name="com.venkat.testcases.TC_OrdingAProduct_01">
        <test-method is-config="true" signature="setup(java.lang.String)[pri:0, instance:com.venkat.testcases.TC_OrdingAProduct_01@1817d444]" started-at="2024-08-19T17:17:22 IST" name="setup" finished-at="2024-08-19T17:17:25 IST" duration-ms="2522" status="PASS">
          <params>
            <param index="0">
              <value>
                <![CDATA[edge]]>
              </value>
            </param>
          </params>
          <reporter-output>
          </reporter-output>
        </test-method> <!-- setup -->
        <test-method signature="orderAProduct()[pri:0, instance:com.venkat.testcases.TC_OrdingAProduct_01@1817d444]" started-at="2024-08-19T17:17:25 IST" name="orderAProduct" finished-at="2024-08-19T17:17:26 IST" duration-ms="1097" status="PASS">
          <reporter-output>
          </reporter-output>
        </test-method> <!-- orderAProduct -->
        <test-method is-config="true" signature="teardown()[pri:0, instance:com.venkat.testcases.TC_OrdingAProduct_01@1817d444]" started-at="2024-08-19T17:17:26 IST" name="teardown" finished-at="2024-08-19T17:17:27 IST" duration-ms="1212" status="PASS">
          <reporter-output>
          </reporter-output>
        </test-method> <!-- teardown -->
      </class> <!-- com.venkat.testcases.TC_OrdingAProduct_01 -->
    </test> <!-- sanity -->
    <test started-at="2024-08-19T17:17:27 IST" name="regression" finished-at="2024-08-19T17:17:31 IST" duration-ms="3903">
      <class name="com.venkat.testcases.TC_OrdingAProduct_01">
        <test-method is-config="true" signature="setup(java.lang.String)[pri:0, instance:com.venkat.testcases.TC_OrdingAProduct_01@6e171cd7]" started-at="2024-08-19T17:17:27 IST" name="setup" finished-at="2024-08-19T17:17:29 IST" duration-ms="1640" status="PASS">
          <params>
            <param index="0">
              <value>
                <![CDATA[edge]]>
              </value>
            </param>
          </params>
          <reporter-output>
          </reporter-output>
        </test-method> <!-- setup -->
        <test-method signature="orderAProduct()[pri:0, instance:com.venkat.testcases.TC_OrdingAProduct_01@6e171cd7]" started-at="2024-08-19T17:17:29 IST" name="orderAProduct" finished-at="2024-08-19T17:17:30 IST" duration-ms="1066" status="PASS">
          <reporter-output>
          </reporter-output>
        </test-method> <!-- orderAProduct -->
        <test-method is-config="true" signature="teardown()[pri:0, instance:com.venkat.testcases.TC_OrdingAProduct_01@6e171cd7]" started-at="2024-08-19T17:17:30 IST" name="teardown" finished-at="2024-08-19T17:17:31 IST" duration-ms="1196" status="PASS">
          <reporter-output>
          </reporter-output>
        </test-method> <!-- teardown -->
      </class> <!-- com.venkat.testcases.TC_OrdingAProduct_01 -->
    </test> <!-- regression -->
    <test started-at="2024-08-19T17:17:31 IST" name="smoke" finished-at="2024-08-19T17:17:36 IST" duration-ms="5342">
      <class name="com.venkat.testcases.TC_OrdingAProduct_01">
        <test-method is-config="true" signature="setup(java.lang.String)[pri:0, instance:com.venkat.testcases.TC_OrdingAProduct_01@795cd85e]" started-at="2024-08-19T17:17:31 IST" name="setup" finished-at="2024-08-19T17:17:34 IST" duration-ms="3081" status="PASS">
          <params>
            <param index="0">
              <value>
                <![CDATA[edge]]>
              </value>
            </param>
          </params>
          <reporter-output>
          </reporter-output>
        </test-method> <!-- setup -->
        <test-method signature="orderAProduct()[pri:0, instance:com.venkat.testcases.TC_OrdingAProduct_01@795cd85e]" started-at="2024-08-19T17:17:34 IST" name="orderAProduct" finished-at="2024-08-19T17:17:35 IST" duration-ms="1056" status="PASS">
          <reporter-output>
          </reporter-output>
        </test-method> <!-- orderAProduct -->
        <test-method is-config="true" signature="teardown()[pri:0, instance:com.venkat.testcases.TC_OrdingAProduct_01@795cd85e]" started-at="2024-08-19T17:17:35 IST" name="teardown" finished-at="2024-08-19T17:17:36 IST" duration-ms="1203" status="PASS">
          <reporter-output>
          </reporter-output>
        </test-method> <!-- teardown -->
      </class> <!-- com.venkat.testcases.TC_OrdingAProduct_01 -->
    </test> <!-- smoke -->
    <test started-at="2024-08-19T17:17:36 IST" name="test" finished-at="2024-08-19T17:17:41 IST" duration-ms="4921">
      <class name="com.venkat.testcases.TC_OrdingAProduct_01">
        <test-method is-config="true" signature="setup(java.lang.String)[pri:0, instance:com.venkat.testcases.TC_OrdingAProduct_01@123ef382]" started-at="2024-08-19T17:17:36 IST" name="setup" finished-at="2024-08-19T17:17:39 IST" duration-ms="2652" status="PASS">
          <params>
            <param index="0">
              <value>
                <![CDATA[edge]]>
              </value>
            </param>
          </params>
          <reporter-output>
          </reporter-output>
        </test-method> <!-- setup -->
        <test-method signature="orderAProduct()[pri:0, instance:com.venkat.testcases.TC_OrdingAProduct_01@123ef382]" started-at="2024-08-19T17:17:39 IST" name="orderAProduct" finished-at="2024-08-19T17:17:40 IST" duration-ms="1061" status="PASS">
          <reporter-output>
          </reporter-output>
        </test-method> <!-- orderAProduct -->
        <test-method is-config="true" signature="teardown()[pri:0, instance:com.venkat.testcases.TC_OrdingAProduct_01@123ef382]" started-at="2024-08-19T17:17:40 IST" name="teardown" finished-at="2024-08-19T17:17:41 IST" duration-ms="1206" status="PASS">
          <reporter-output>
          </reporter-output>
        </test-method> <!-- teardown -->
      </class> <!-- com.venkat.testcases.TC_OrdingAProduct_01 -->
    </test> <!-- test -->
  </suite> <!-- Suite -->
</testng-results>
